[debug] [2026-06-19T07:56:53.881Z] ----------------------------------------------------------------------
[debug] [2026-06-19T07:56:53.882Z] Command:       /usr/bin/node /usr/bin/firebase init
[debug] [2026-06-19T07:56:53.882Z] CLI Version:   15.22.0
[debug] [2026-06-19T07:56:53.882Z] Platform:      linux
[debug] [2026-06-19T07:56:53.882Z] Node Version:  v26.1.0
[debug] [2026-06-19T07:56:53.883Z] Detected Agent: unknown
[debug] [2026-06-19T07:56:53.883Z] Time:          Fri Jun 19 2026 14:56:53 GMT+0700 (Indochina Time)
[debug] [2026-06-19T07:56:53.883Z] ----------------------------------------------------------------------
[debug] 
[info] 
     ######## #### ########  ######## ########     ###     ######  ########
     ##        ##  ##     ## ##       ##     ##  ##   ##  ##       ##
     ######    ##  ########  ######   ########  #########  ######  ######
     ##        ##  ##    ##  ##       ##     ## ##     ##       ## ##
     ##       #### ##     ## ######## ########  ##     ##  ######  ########

You're about to initialize a Firebase project in this directory:

  /home/konnn04/Desktop/basic-web-training

[debug] [2026-06-19T07:56:55.957Z] ExitPromptError: User force closed the prompt with SIGINT
    at Interface.sigint (/usr/lib/node_modules/firebase-tools/node_modules/@inquirer/core/dist/commonjs/lib/create-prompt.js:101:37)
    at Interface.emit (node:events:509:20)
    at [_ttyWrite] [as _ttyWrite] (node:internal/readline/interface:1327:18)
    at ReadStream.onkeypress (node:internal/readline/interface:284:20)
    at ReadStream.emit (node:events:521:24)
    at emitKeys (node:internal/readline/utils:371:14)
    at emitKeys.next (<anonymous>)
    at ReadStream.onData (node:internal/readline/emitKeypressEvents:64:36)
    at ReadStream.emit (node:events:509:20)
    at addChunk (node:internal/streams/readable:568:12)
[error] 
[error] Error: An unexpected error has occurred.
